[debug] [2021-01-24T20:17:14.229Z] ----------------------------------------------------------------------
[debug] [2021-01-24T20:17:14.231Z] Command:       /usr/local/bin/node /usr/local/bin/firebase init
[debug] [2021-01-24T20:17:14.231Z] CLI Version:   8.14.1
[debug] [2021-01-24T20:17:14.231Z] Platform:      darwin
[debug] [2021-01-24T20:17:14.231Z] Node Version:  v12.19.0
[debug] [2021-01-24T20:17:14.232Z] Time:          Sun Jan 24 2021 13:17:14 GMT-0700 (Mountain Standard Time)
[debug] [2021-01-24T20:17:14.232Z] ----------------------------------------------------------------------
[debug] [2021-01-24T20:17:14.232Z] 
[debug] [2021-01-24T20:17:14.240Z] > command requires scopes: ["email","openid","https://www.googleapis.com/auth/cloudplatformprojects.readonly","https://www.googleapis.com/auth/firebase","https://www.googleapis.com/auth/cloud-platform"]
[debug] [2021-01-24T20:17:14.241Z] > authorizing via signed-in user
[info] 
     ######## #### ########  ######## ########     ###     ######  ########
     ##        ##  ##     ## ##       ##     ##  ##   ##  ##       ##
     ######    ##  ########  ######   ########  #########  ######  ######
     ##        ##  ##    ##  ##       ##     ## ##     ##       ## ##
     ##       #### ##     ## ######## ########  ##     ##  ######  ########

You're about to initialize a Firebase project in this directory:

  /Users/autumnshakespeare/coltons-portfolio

[debug] [2021-01-24T20:28:59.571Z] Error: write EIO
    at afterWriteDispatched (internal/stream_base_commons.js:156:25)
    at writeGeneric (internal/stream_base_commons.js:147:3)
    at WriteStream.Socket._writeGeneric (net.js:788:11)
    at WriteStream.Socket._write (net.js:800:8)
    at doWrite (_stream_writable.js:403:12)
    at writeOrBuffer (_stream_writable.js:387:5)
    at WriteStream.Writable.write (_stream_writable.js:318:11)
    at EventEmitter.signalExit.alwaysLast (/usr/local/lib/node_modules/firebase-tools/node_modules/restore-cursor/index.js:7:18)
    at EventEmitter.emit (events.js:314:20)
    at EventEmitter.emit (domain.js:483:12)
    at emit (/usr/local/lib/node_modules/firebase-tools/node_modules/signal-exit/index.js:78:11)
    at process.listener (/usr/local/lib/node_modules/firebase-tools/node_modules/signal-exit/index.js:94:7)
    at process.emit (events.js:314:20)
